Using pre-set license
Built from '2020.3/release' branch; Version is '2020.3.31f1 (6b54b7616050) revision 7034039'; Using compiler version '192528614'; Build Type 'Release'
OS: 'Windows 11  (10.0.22000) 64bit Core' Language: 'ko' Physical Memory: 7991 MB
BatchMode: 1, IsHumanControllingUs: 0, StartBugReporterOnCrash: 0, Is64bit: 1, IsPro: 0

COMMAND LINE ARGUMENTS:
C:\mongple\Unity\2020.3.31f1\Editor\Unity.exe
-adb2
-batchMode
-noUpm
-name
AssetImportWorker1
-projectPath
C:/mongple/DailyUnityStudy/MMO_Unity
-logFile
Logs/AssetImportWorker1.log
-srvPort
59380
Successfully changed project path to: C:/mongple/DailyUnityStudy/MMO_Unity
C:/mongple/DailyUnityStudy/MMO_Unity
Using Asset Import Pipeline V2.
Refreshing native plugins compatible for Editor in 62.01 ms, found 2 plugins.
Preloading 0 native plugins for Editor in 0.00 ms.
Initialize engine version: 2020.3.31f1 (6b54b7616050)
[Subsystems] Discovering subsystems at path C:/mongple/Unity/2020.3.31f1/Editor/Data/Resources/UnitySubsystems
[Subsystems] Discovering subsystems at path C:/mongple/DailyUnityStudy/MMO_Unity/Assets
GfxDevice: creating device client; threaded=0
Direct3D:
    Version:  Direct3D 11.0 [level 11.1]
    Renderer: Intel(R) Iris(R) Xe Graphics (ID=0x9a49)
    Vendor:   
    VRAM:     3995 MB
    Driver:   27.20.100.8853
Initialize mono
Mono path[0] = 'C:/mongple/Unity/2020.3.31f1/Editor/Data/Managed'
Mono path[1] = 'C:/mongple/Unity/2020.3.31f1/Editor/Data/MonoBleedingEdge/lib/mono/unityjit'
Mono config path = 'C:/mongple/Unity/2020.3.31f1/Editor/Data/MonoBleedingEdge/etc'
Using monoOptions --debugger-agent=transport=dt_socket,embedding=1,server=y,suspend=n,address=127.0.0.1:56676
Begin MonoManager ReloadAssembly
Registering precompiled unity dll's ...
Register platform support module: C:/mongple/Unity/2020.3.31f1/Editor/Data/PlaybackEngines/WindowsStandaloneSupport/UnityEditor.WindowsStandalone.Extensions.dll
Registered in 0.000910 seconds.
Native extension for WindowsStandalone target not found
Refreshing native plugins compatible for Editor in 43.92 ms, found 2 plugins.
Preloading 0 native plugins for Editor in 0.00 ms.
Mono: successfully reloaded assembly
- Completed reload, in  0.653 seconds
Domain Reload Profiling:
	ReloadAssembly (653ms)
		BeginReloadAssembly (48ms)
			ExecutionOrderSort (0ms)
			DisableScriptedObjects (0ms)
			BackupInstance (0ms)
			ReleaseScriptingObjects (0ms)
			CreateAndSetChildDomain (1ms)
		EndReloadAssembly (544ms)
			LoadAssemblies (47ms)
			RebuildTransferFunctionScriptingTraits (0ms)
			SetupTypeCache (196ms)
			ReleaseScriptCaches (0ms)
			RebuildScriptCaches (51ms)
			SetupLoadedEditorAssemblies (160ms)
				LogAssemblyErrors (0ms)
				InitializePlatformSupportModulesInManaged (5ms)
				SetLoadedEditorAssemblies (0ms)
				RefreshPlugins (44ms)
				BeforeProcessingInitializeOnLoad (13ms)
				ProcessInitializeOnLoadAttributes (67ms)
				ProcessInitializeOnLoadMethodAttributes (30ms)
				AfterProcessingInitializeOnLoad (0ms)
				EditorAssembliesLoaded (0ms)
			ExecutionOrderSort2 (0ms)
			AwakeInstancesAfterBackupRestoration (0ms)
Platform modules already initialized, skipping
Registering precompiled user dll's ...
Registered in 0.001579 seconds.
Begin MonoManager ReloadAssembly
Native extension for WindowsStandalone target not found
Refreshing native plugins compatible for Editor in 0.65 ms, found 2 plugins.
Preloading 0 native plugins for Editor in 0.00 ms.
Mono: successfully reloaded assembly
- Completed reload, in  1.157 seconds
Domain Reload Profiling:
	ReloadAssembly (1158ms)
		BeginReloadAssembly (165ms)
			ExecutionOrderSort (0ms)
			DisableScriptedObjects (9ms)
			BackupInstance (0ms)
			ReleaseScriptingObjects (0ms)
			CreateAndSetChildDomain (22ms)
		EndReloadAssembly (924ms)
			LoadAssemblies (114ms)
			RebuildTransferFunctionScriptingTraits (0ms)
			SetupTypeCache (260ms)
			ReleaseScriptCaches (0ms)
			RebuildScriptCaches (40ms)
			SetupLoadedEditorAssemblies (414ms)
				LogAssemblyErrors (0ms)
				InitializePlatformSupportModulesInManaged (4ms)
				SetLoadedEditorAssemblies (1ms)
				RefreshPlugins (1ms)
				BeforeProcessingInitializeOnLoad (127ms)
				ProcessInitializeOnLoadAttributes (260ms)
				ProcessInitializeOnLoadMethodAttributes (15ms)
				AfterProcessingInitializeOnLoad (6ms)
				EditorAssembliesLoaded (0ms)
			ExecutionOrderSort2 (0ms)
			AwakeInstancesAfterBackupRestoration (15ms)
Platform modules already initialized, skipping
========================================================================
Worker process is ready to serve import requests
Launched and connected shader compiler UnityShaderCompiler.exe after 0.07 seconds
Refreshing native plugins compatible for Editor in 0.37 ms, found 2 plugins.
Preloading 0 native plugins for Editor in 0.00 ms.
Unloading 1525 Unused Serialized files (Serialized files now loaded: 0)
System memory in use before: 77.1 MB.
System memory in use after: 77.2 MB.

Unloading 16 unused Assets to reduce memory usage. Loaded Objects now: 1964.
Total: 2.302800 ms (FindLiveObjects: 0.087800 ms CreateObjectMapping: 0.027000 ms MarkObjects: 2.122600 ms  DeleteObjects: 0.064600 ms)

AssetImportParameters requested are different than current active one (requested -> active):
  custom:framework-win-MediaFoundation: 216162199b28c13a410421893ffa2e32 -> 
  custom:video-decoder-ogg-theora: a1e56fd34408186e4bbccfd4996cb3dc -> 
  custom:container-muxer-webm: aa71ff27fc2769a1b78a27578f13a17b -> 
  custom:container-demuxer-webm: 4f35f7cbe854078d1ac9338744f61a02 -> 
  custom:container-demuxer-ogg: 62fdf1f143b41e24485cea50d1cbac27 -> 
  custom:video-encoder-webm-vp8: eb34c28f22e8b96e1ab97ce403110664 -> 
  custom:video-decoder-webm-vp8: 9c59270c3fd7afecdb556c50c9e8de78 -> 
  custom:audio-decoder-ogg-vorbis: bf7c407c2cedff20999df2af8eb42d56 -> 
  custom:audio-encoder-webm-vorbis: bf7c407c2cedff20999df2af8eb42d56 -> 
========================================================================
Received Import Request.
  path: Assets/Scripts/Utils/Util.cs
  artifactKey: Guid(d1ed8a1207a50444dbcd4da81be67275) Importer(815301076,1909f56bfc062723c751e8b465ee728b)
Start importing Assets/Scripts/Utils/Util.cs using Guid(d1ed8a1207a50444dbcd4da81be67275) Importer(815301076,1909f56bfc062723c751e8b465ee728b)  -> (artifact id: '688bc34d6c563499fa22ec54f9b018ca') in 0.024400 seconds 
========================================================================
Received Prepare
Registering precompiled user dll's ...
Registered in 0.001671 seconds.
Begin MonoManager ReloadAssembly
Native extension for WindowsStandalone target not found
Refreshing native plugins compatible for Editor in 0.32 ms, found 2 plugins.
Preloading 0 native plugins for Editor in 0.00 ms.
Mono: successfully reloaded assembly
- Completed reload, in  0.822 seconds
Domain Reload Profiling:
	ReloadAssembly (823ms)
		BeginReloadAssembly (91ms)
			ExecutionOrderSort (0ms)
			DisableScriptedObjects (5ms)
			BackupInstance (0ms)
			ReleaseScriptingObjects (0ms)
			CreateAndSetChildDomain (26ms)
		EndReloadAssembly (682ms)
			LoadAssemblies (68ms)
			RebuildTransferFunctionScriptingTraits (0ms)
			SetupTypeCache (223ms)
			ReleaseScriptCaches (3ms)
			RebuildScriptCaches (42ms)
			SetupLoadedEditorAssemblies (250ms)
				LogAssemblyErrors (0ms)
				InitializePlatformSupportModulesInManaged (4ms)
				SetLoadedEditorAssemblies (0ms)
				RefreshPlugins (0ms)
				BeforeProcessingInitializeOnLoad (68ms)
				ProcessInitializeOnLoadAttributes (165ms)
				ProcessInitializeOnLoadMethodAttributes (8ms)
				AfterProcessingInitializeOnLoad (3ms)
				EditorAssembliesLoaded (0ms)
			ExecutionOrderSort2 (0ms)
			AwakeInstancesAfterBackupRestoration (6ms)
Platform modules already initialized, skipping
Refreshing native plugins compatible for Editor in 0.35 ms, found 2 plugins.
Preloading 0 native plugins for Editor in 0.00 ms.
Unloading 1509 Unused Serialized files (Serialized files now loaded: 0)
System memory in use before: 75.9 MB.
System memory in use after: 76.0 MB.

Unloading 11 unused Assets to reduce memory usage. Loaded Objects now: 1967.
Total: 3.263400 ms (FindLiveObjects: 0.104000 ms CreateObjectMapping: 0.032800 ms MarkObjects: 3.104400 ms  DeleteObjects: 0.021000 ms)

AssetImportParameters requested are different than current active one (requested -> active):
  custom:framework-win-MediaFoundation: 216162199b28c13a410421893ffa2e32 -> 
  custom:video-decoder-ogg-theora: a1e56fd34408186e4bbccfd4996cb3dc -> 
  custom:container-muxer-webm: aa71ff27fc2769a1b78a27578f13a17b -> 
  custom:container-demuxer-webm: 4f35f7cbe854078d1ac9338744f61a02 -> 
  custom:container-demuxer-ogg: 62fdf1f143b41e24485cea50d1cbac27 -> 
  custom:video-encoder-webm-vp8: eb34c28f22e8b96e1ab97ce403110664 -> 
  custom:video-decoder-webm-vp8: 9c59270c3fd7afecdb556c50c9e8de78 -> 
  custom:audio-decoder-ogg-vorbis: bf7c407c2cedff20999df2af8eb42d56 -> 
  custom:audio-encoder-webm-vorbis: bf7c407c2cedff20999df2af8eb42d56 -> 
========================================================================
Received Import Request.
  Time since last request: 10.175841 seconds.
  path: Assets/Scripts/Utils/Util.cs
  artifactKey: Guid(d1ed8a1207a50444dbcd4da81be67275) Importer(815301076,1909f56bfc062723c751e8b465ee728b)
Start importing Assets/Scripts/Utils/Util.cs using Guid(d1ed8a1207a50444dbcd4da81be67275) Importer(815301076,1909f56bfc062723c751e8b465ee728b)  -> (artifact id: '81ee4bd785adeba4f79fdfd9e69998b0') in 0.004835 seconds 
========================================================================
Received Import Request.
  Time since last request: 1.748657 seconds.
  path: Assets/Scripts/Utils/Util.cs
  artifactKey: Guid(d1ed8a1207a50444dbcd4da81be67275) Importer(815301076,1909f56bfc062723c751e8b465ee728b)
Start importing Assets/Scripts/Utils/Util.cs using Guid(d1ed8a1207a50444dbcd4da81be67275) Importer(815301076,1909f56bfc062723c751e8b465ee728b)  -> (artifact id: 'eef49d78efd75ac33d3f2d59ed615ed1') in 0.002035 seconds 
========================================================================
Received Import Request.
  Time since last request: 1.429683 seconds.
  path: Assets/Scripts/Utils/Util.cs
  artifactKey: Guid(d1ed8a1207a50444dbcd4da81be67275) Importer(815301076,1909f56bfc062723c751e8b465ee728b)
Start importing Assets/Scripts/Utils/Util.cs using Guid(d1ed8a1207a50444dbcd4da81be67275) Importer(815301076,1909f56bfc062723c751e8b465ee728b)  -> (artifact id: 'd0e7be7d2e295515b0bd19a34a14f2de') in 0.001912 seconds 
========================================================================
Received Import Request.
  Time since last request: 0.650031 seconds.
  path: Assets/Scripts/Utils/Util.cs
  artifactKey: Guid(d1ed8a1207a50444dbcd4da81be67275) Importer(815301076,1909f56bfc062723c751e8b465ee728b)
Start importing Assets/Scripts/Utils/Util.cs using Guid(d1ed8a1207a50444dbcd4da81be67275) Importer(815301076,1909f56bfc062723c751e8b465ee728b)  -> (artifact id: 'a4f7c94dbf9f2a7e0e0b21d87de42d2b') in 0.002012 seconds 
========================================================================
Received Import Request.
  Time since last request: 24.517142 seconds.
  path: Assets/Scripts/Utils/Util.cs
  artifactKey: Guid(d1ed8a1207a50444dbcd4da81be67275) Importer(815301076,1909f56bfc062723c751e8b465ee728b)
Start importing Assets/Scripts/Utils/Util.cs using Guid(d1ed8a1207a50444dbcd4da81be67275) Importer(815301076,1909f56bfc062723c751e8b465ee728b)  -> (artifact id: 'e0c3e8160f16d6f54c6d1be1e28b308c') in 0.002553 seconds 
========================================================================
Received Import Request.
  Time since last request: 22.324166 seconds.
  path: Assets/Scripts/Utils/Util.cs
  artifactKey: Guid(d1ed8a1207a50444dbcd4da81be67275) Importer(815301076,1909f56bfc062723c751e8b465ee728b)
Start importing Assets/Scripts/Utils/Util.cs using Guid(d1ed8a1207a50444dbcd4da81be67275) Importer(815301076,1909f56bfc062723c751e8b465ee728b)  -> (artifact id: '66f3ce3485bdd9d3ba4054d835f787d4') in 0.003043 seconds 
========================================================================
Received Import Request.
  Time since last request: 34.046674 seconds.
  path: Assets/Scripts/Utils/Util.cs
  artifactKey: Guid(d1ed8a1207a50444dbcd4da81be67275) Importer(815301076,1909f56bfc062723c751e8b465ee728b)
Start importing Assets/Scripts/Utils/Util.cs using Guid(d1ed8a1207a50444dbcd4da81be67275) Importer(815301076,1909f56bfc062723c751e8b465ee728b)  -> (artifact id: 'f2cd957d07e0b3075832fd6bfc5c3516') in 0.002864 seconds 
========================================================================
Received Import Request.
  Time since last request: 11.506721 seconds.
  path: Assets/Scripts/Utils/Util.cs
  artifactKey: Guid(d1ed8a1207a50444dbcd4da81be67275) Importer(815301076,1909f56bfc062723c751e8b465ee728b)
Start importing Assets/Scripts/Utils/Util.cs using Guid(d1ed8a1207a50444dbcd4da81be67275) Importer(815301076,1909f56bfc062723c751e8b465ee728b)  -> (artifact id: '7f370a36a49eff8849e16276454d0779') in 0.002365 seconds 
========================================================================
Received Import Request.
  Time since last request: 1.184525 seconds.
  path: Assets/Scripts/Utils/Util.cs
  artifactKey: Guid(d1ed8a1207a50444dbcd4da81be67275) Importer(815301076,1909f56bfc062723c751e8b465ee728b)
Start importing Assets/Scripts/Utils/Util.cs using Guid(d1ed8a1207a50444dbcd4da81be67275) Importer(815301076,1909f56bfc062723c751e8b465ee728b)  -> (artifact id: '00000000000000000000000000000000') in 0.000524 seconds  code(4) message(Build asset version error: assets/scripts/utils/util.cs in SourceAssetDB has modification time of '2022-03-30T09:11:39.1141484Z' while content on disk has modification time of '2022-03-30T09:11:39.2807321Z')
  ERROR: Build asset version error: assets/scripts/utils/util.cs in SourceAssetDB has modification time of '2022-03-30T09:11:39.1141484Z' while content on disk has modification time of '2022-03-30T09:11:39.2807321Z'
========================================================================
Received Import Request.
  Time since last request: 19.415517 seconds.
  path: Assets/Scripts/Utils/Util.cs
  artifactKey: Guid(d1ed8a1207a50444dbcd4da81be67275) Importer(815301076,1909f56bfc062723c751e8b465ee728b)
Start importing Assets/Scripts/Utils/Util.cs using Guid(d1ed8a1207a50444dbcd4da81be67275) Importer(815301076,1909f56bfc062723c751e8b465ee728b)  -> (artifact id: '00000000000000000000000000000000') in 0.000550 seconds  code(4) message(Build asset version error: assets/scripts/utils/util.cs in SourceAssetDB has modification time of '2022-03-30T09:11:58.5518503Z' while content on disk has modification time of '2022-03-30T09:11:58.7011463Z')
  ERROR: Build asset version error: assets/scripts/utils/util.cs in SourceAssetDB has modification time of '2022-03-30T09:11:58.5518503Z' while content on disk has modification time of '2022-03-30T09:11:58.7011463Z'
========================================================================
Received Import Request.
  Time since last request: 8.000728 seconds.
  path: Assets/Scripts/Utils/Util.cs
  artifactKey: Guid(d1ed8a1207a50444dbcd4da81be67275) Importer(815301076,1909f56bfc062723c751e8b465ee728b)
Start importing Assets/Scripts/Utils/Util.cs using Guid(d1ed8a1207a50444dbcd4da81be67275) Importer(815301076,1909f56bfc062723c751e8b465ee728b)  -> (artifact id: '0865c76814b9dbce9c8d49eef207899a') in 0.004034 seconds 
========================================================================
Received Import Request.
  Time since last request: 167.420028 seconds.
  path: Assets/Scripts/Utils/Util.cs
  artifactKey: Guid(d1ed8a1207a50444dbcd4da81be67275) Importer(815301076,1909f56bfc062723c751e8b465ee728b)
Start importing Assets/Scripts/Utils/Util.cs using Guid(d1ed8a1207a50444dbcd4da81be67275) Importer(815301076,1909f56bfc062723c751e8b465ee728b)  -> (artifact id: '3d10a1b3e7a35ccb5c128dca565e9da8') in 0.002965 seconds 
========================================================================
Received Import Request.
  Time since last request: 65.208797 seconds.
  path: Assets/Scripts/Utils/Util.cs
  artifactKey: Guid(d1ed8a1207a50444dbcd4da81be67275) Importer(815301076,1909f56bfc062723c751e8b465ee728b)
Start importing Assets/Scripts/Utils/Util.cs using Guid(d1ed8a1207a50444dbcd4da81be67275) Importer(815301076,1909f56bfc062723c751e8b465ee728b)  -> (artifact id: 'edae2c14417b04fc9892a79eafebd511') in 0.004209 seconds 
========================================================================
Received Import Request.
  Time since last request: 6.043172 seconds.
  path: Assets/Scripts/Utils/Util.cs
  artifactKey: Guid(d1ed8a1207a50444dbcd4da81be67275) Importer(815301076,1909f56bfc062723c751e8b465ee728b)
Start importing Assets/Scripts/Utils/Util.cs using Guid(d1ed8a1207a50444dbcd4da81be67275) Importer(815301076,1909f56bfc062723c751e8b465ee728b)  -> (artifact id: '549a2910b3479609d4890018d6ef6bc2') in 0.002944 seconds 
========================================================================
Received Import Request.
  Time since last request: 14.122476 seconds.
  path: Assets/Scripts/Utils/Util.cs
  artifactKey: Guid(d1ed8a1207a50444dbcd4da81be67275) Importer(815301076,1909f56bfc062723c751e8b465ee728b)
Start importing Assets/Scripts/Utils/Util.cs using Guid(d1ed8a1207a50444dbcd4da81be67275) Importer(815301076,1909f56bfc062723c751e8b465ee728b)  -> (artifact id: '8104d3afa42e1390acde3a90204bcf16') in 0.002655 seconds 
========================================================================
Received Import Request.
  Time since last request: 9.160875 seconds.
  path: Assets/Scripts/Utils/Util.cs
  artifactKey: Guid(d1ed8a1207a50444dbcd4da81be67275) Importer(815301076,1909f56bfc062723c751e8b465ee728b)
Start importing Assets/Scripts/Utils/Util.cs using Guid(d1ed8a1207a50444dbcd4da81be67275) Importer(815301076,1909f56bfc062723c751e8b465ee728b)  -> (artifact id: '00000000000000000000000000000000') in 0.000728 seconds  code(4) message(Build asset version error: assets/scripts/utils/util.cs in SourceAssetDB has modification time of '2022-03-30T09:16:28.5691592Z' while content on disk has modification time of '2022-03-30T09:16:28.7139911Z')
  ERROR: Build asset version error: assets/scripts/utils/util.cs in SourceAssetDB has modification time of '2022-03-30T09:16:28.5691592Z' while content on disk has modification time of '2022-03-30T09:16:28.7139911Z'
========================================================================
Received Import Request.
  Time since last request: 20.928104 seconds.
  path: Assets/Scripts/Utils/Util.cs
  artifactKey: Guid(d1ed8a1207a50444dbcd4da81be67275) Importer(815301076,1909f56bfc062723c751e8b465ee728b)
Start importing Assets/Scripts/Utils/Util.cs using Guid(d1ed8a1207a50444dbcd4da81be67275) Importer(815301076,1909f56bfc062723c751e8b465ee728b)  -> (artifact id: 'a7b2a6f33d8ba4322ddeb1629e2e6dcf') in 0.002527 seconds 
========================================================================
Received Import Request.
  Time since last request: 1.353187 seconds.
  path: Assets/Scripts/Utils/Util.cs
  artifactKey: Guid(d1ed8a1207a50444dbcd4da81be67275) Importer(815301076,1909f56bfc062723c751e8b465ee728b)
Start importing Assets/Scripts/Utils/Util.cs using Guid(d1ed8a1207a50444dbcd4da81be67275) Importer(815301076,1909f56bfc062723c751e8b465ee728b)  -> (artifact id: 'e73769f3f31757b329a92ffe6f4c0a60') in 0.010002 seconds 
========================================================================
Received Import Request.
  Time since last request: 37.487117 seconds.
  path: Assets/Scripts/Utils/Util.cs
  artifactKey: Guid(d1ed8a1207a50444dbcd4da81be67275) Importer(815301076,1909f56bfc062723c751e8b465ee728b)
Start importing Assets/Scripts/Utils/Util.cs using Guid(d1ed8a1207a50444dbcd4da81be67275) Importer(815301076,1909f56bfc062723c751e8b465ee728b)  -> (artifact id: 'ad1adef6f9d7888b36d7f67dca2914ff') in 0.003380 seconds 
========================================================================
Received Import Request.
  Time since last request: 9.176339 seconds.
  path: Assets/Scripts/Utils/Util.cs
  artifactKey: Guid(d1ed8a1207a50444dbcd4da81be67275) Importer(815301076,1909f56bfc062723c751e8b465ee728b)
Start importing Assets/Scripts/Utils/Util.cs using Guid(d1ed8a1207a50444dbcd4da81be67275) Importer(815301076,1909f56bfc062723c751e8b465ee728b)  -> (artifact id: '00000000000000000000000000000000') in 0.000453 seconds  code(4) message(Build asset version error: assets/scripts/utils/util.cs in SourceAssetDB has modification time of '2022-03-30T09:17:37.5643781Z' while content on disk has modification time of '2022-03-30T09:17:37.7020053Z')
  ERROR: Build asset version error: assets/scripts/utils/util.cs in SourceAssetDB has modification time of '2022-03-30T09:17:37.5643781Z' while content on disk has modification time of '2022-03-30T09:17:37.7020053Z'
========================================================================
Received Import Request.
  Time since last request: 14.852724 seconds.
  path: Assets/Scripts/Utils/Util.cs
  artifactKey: Guid(d1ed8a1207a50444dbcd4da81be67275) Importer(815301076,1909f56bfc062723c751e8b465ee728b)
Start importing Assets/Scripts/Utils/Util.cs using Guid(d1ed8a1207a50444dbcd4da81be67275) Importer(815301076,1909f56bfc062723c751e8b465ee728b)  -> (artifact id: '3a37ec2f70022dcfd7c3dab7e48e530a') in 0.003672 seconds 
========================================================================
Received Import Request.
  Time since last request: 11.996486 seconds.
  path: Assets/Scripts/Utils/Util.cs
  artifactKey: Guid(d1ed8a1207a50444dbcd4da81be67275) Importer(815301076,1909f56bfc062723c751e8b465ee728b)
Start importing Assets/Scripts/Utils/Util.cs using Guid(d1ed8a1207a50444dbcd4da81be67275) Importer(815301076,1909f56bfc062723c751e8b465ee728b)  -> (artifact id: '5e7c332b0cfc02ab762fd7f6d27eabae') in 0.003426 seconds 
========================================================================
Received Import Request.
  Time since last request: 27.424335 seconds.
  path: Assets/Scripts/Utils/Util.cs
  artifactKey: Guid(d1ed8a1207a50444dbcd4da81be67275) Importer(815301076,1909f56bfc062723c751e8b465ee728b)
Start importing Assets/Scripts/Utils/Util.cs using Guid(d1ed8a1207a50444dbcd4da81be67275) Importer(815301076,1909f56bfc062723c751e8b465ee728b)  -> (artifact id: '136db96fedaeedbf957fd84391bfc3de') in 0.002061 seconds 
========================================================================
Received Import Request.
  Time since last request: 56.256690 seconds.
  path: Assets/Scripts/Utils/Util.cs
  artifactKey: Guid(d1ed8a1207a50444dbcd4da81be67275) Importer(815301076,1909f56bfc062723c751e8b465ee728b)
Start importing Assets/Scripts/Utils/Util.cs using Guid(d1ed8a1207a50444dbcd4da81be67275) Importer(815301076,1909f56bfc062723c751e8b465ee728b)  -> (artifact id: '542919fe5d4674ff7d88a792ae277e90') in 0.001945 seconds 
========================================================================
Received Import Request.
  Time since last request: 6.714911 seconds.
  path: Assets/Scripts/Utils/Util.cs
  artifactKey: Guid(d1ed8a1207a50444dbcd4da81be67275) Importer(815301076,1909f56bfc062723c751e8b465ee728b)
Start importing Assets/Scripts/Utils/Util.cs using Guid(d1ed8a1207a50444dbcd4da81be67275) Importer(815301076,1909f56bfc062723c751e8b465ee728b)  -> (artifact id: '453692a49d50d78cb503240f3a7ffd34') in 0.002135 seconds 
========================================================================
Received Import Request.
  Time since last request: 1.239508 seconds.
  path: Assets/Scripts/Utils/Util.cs
  artifactKey: Guid(d1ed8a1207a50444dbcd4da81be67275) Importer(815301076,1909f56bfc062723c751e8b465ee728b)
Start importing Assets/Scripts/Utils/Util.cs using Guid(d1ed8a1207a50444dbcd4da81be67275) Importer(815301076,1909f56bfc062723c751e8b465ee728b)  -> (artifact id: '5384c0dd86c09bd6f2b03550c4355b98') in 0.002112 seconds 
========================================================================
Received Import Request.
  Time since last request: 67.078049 seconds.
  path: Assets/Scripts/Utils/Util.cs
  artifactKey: Guid(d1ed8a1207a50444dbcd4da81be67275) Importer(815301076,1909f56bfc062723c751e8b465ee728b)
Start importing Assets/Scripts/Utils/Util.cs using Guid(d1ed8a1207a50444dbcd4da81be67275) Importer(815301076,1909f56bfc062723c751e8b465ee728b)  -> (artifact id: 'cb744ff0972be57262a0893bcd34571e') in 0.002148 seconds 
========================================================================
Received Import Request.
  Time since last request: 33.196776 seconds.
  path: Assets/Scripts/Utils/Util.cs
  artifactKey: Guid(d1ed8a1207a50444dbcd4da81be67275) Importer(815301076,1909f56bfc062723c751e8b465ee728b)
Start importing Assets/Scripts/Utils/Util.cs using Guid(d1ed8a1207a50444dbcd4da81be67275) Importer(815301076,1909f56bfc062723c751e8b465ee728b)  -> (artifact id: 'c5a31b0f2f8d5b279b70e88124d4e83c') in 0.002350 seconds 
========================================================================
Received Import Request.
  Time since last request: 31.576106 seconds.
  path: Assets/Scripts/Utils/Util.cs
  artifactKey: Guid(d1ed8a1207a50444dbcd4da81be67275) Importer(815301076,1909f56bfc062723c751e8b465ee728b)
Start importing Assets/Scripts/Utils/Util.cs using Guid(d1ed8a1207a50444dbcd4da81be67275) Importer(815301076,1909f56bfc062723c751e8b465ee728b)  -> (artifact id: 'b9d8fe63f47ac37637cf46671fcbd33a') in 0.002041 seconds 
========================================================================
Received Import Request.
  Time since last request: 14.543349 seconds.
  path: Assets/Scripts/Utils/Util.cs
  artifactKey: Guid(d1ed8a1207a50444dbcd4da81be67275) Importer(815301076,1909f56bfc062723c751e8b465ee728b)
Start importing Assets/Scripts/Utils/Util.cs using Guid(d1ed8a1207a50444dbcd4da81be67275) Importer(815301076,1909f56bfc062723c751e8b465ee728b)  -> (artifact id: '03c12ffc5780fbf29018f264efb1dc1a') in 0.003749 seconds 
========================================================================
Received Import Request.
  Time since last request: 20.914746 seconds.
  path: Assets/Scripts/Utils/Util.cs
  artifactKey: Guid(d1ed8a1207a50444dbcd4da81be67275) Importer(815301076,1909f56bfc062723c751e8b465ee728b)
Start importing Assets/Scripts/Utils/Util.cs using Guid(d1ed8a1207a50444dbcd4da81be67275) Importer(815301076,1909f56bfc062723c751e8b465ee728b)  -> (artifact id: '00000000000000000000000000000000') in 0.000422 seconds  code(4) message(Build asset version error: assets/scripts/utils/util.cs in SourceAssetDB has modification time of '2022-03-30T09:22:23.3954827Z' while content on disk has modification time of '2022-03-30T09:22:23.5572886Z')
  ERROR: Build asset version error: assets/scripts/utils/util.cs in SourceAssetDB has modification time of '2022-03-30T09:22:23.3954827Z' while content on disk has modification time of '2022-03-30T09:22:23.5572886Z'
========================================================================
Received Import Request.
  Time since last request: 31.438421 seconds.
  path: Assets/Scripts/Utils/Util.cs
  artifactKey: Guid(d1ed8a1207a50444dbcd4da81be67275) Importer(815301076,1909f56bfc062723c751e8b465ee728b)
Start importing Assets/Scripts/Utils/Util.cs using Guid(d1ed8a1207a50444dbcd4da81be67275) Importer(815301076,1909f56bfc062723c751e8b465ee728b)  -> (artifact id: 'a328530e4754f30ca709bb644d20a004') in 0.002286 seconds 
========================================================================
Received Import Request.
  Time since last request: 62.259555 seconds.
  path: Assets/Scripts/Utils/Util.cs
  artifactKey: Guid(d1ed8a1207a50444dbcd4da81be67275) Importer(815301076,1909f56bfc062723c751e8b465ee728b)
Start importing Assets/Scripts/Utils/Util.cs using Guid(d1ed8a1207a50444dbcd4da81be67275) Importer(815301076,1909f56bfc062723c751e8b465ee728b)  -> (artifact id: '62c880b847732f8a3d98486cf96f4117') in 0.002321 seconds 
========================================================================
Received Import Request.
  Time since last request: 97.537370 seconds.
  path: Assets/Scripts/Utils/Util.cs
  artifactKey: Guid(d1ed8a1207a50444dbcd4da81be67275) Importer(815301076,1909f56bfc062723c751e8b465ee728b)
Start importing Assets/Scripts/Utils/Util.cs using Guid(d1ed8a1207a50444dbcd4da81be67275) Importer(815301076,1909f56bfc062723c751e8b465ee728b)  -> (artifact id: '46785890d1c3cc02cade919b069110fa') in 0.002183 seconds 
========================================================================
Received Import Request.
  Time since last request: 36.433540 seconds.
  path: Assets/Scripts/Utils/Util.cs
  artifactKey: Guid(d1ed8a1207a50444dbcd4da81be67275) Importer(815301076,1909f56bfc062723c751e8b465ee728b)
Start importing Assets/Scripts/Utils/Util.cs using Guid(d1ed8a1207a50444dbcd4da81be67275) Importer(815301076,1909f56bfc062723c751e8b465ee728b)  -> (artifact id: '0b7130465520d4f5aa38b20b4e90dd9c') in 0.002209 seconds 
========================================================================
Received Prepare
Registering precompiled user dll's ...
Registered in 0.001638 seconds.
Begin MonoManager ReloadAssembly
Native extension for WindowsStandalone target not found
Refreshing native plugins compatible for Editor in 0.52 ms, found 2 plugins.
Preloading 0 native plugins for Editor in 0.00 ms.
Mono: successfully reloaded assembly
- Completed reload, in  0.778 seconds
Domain Reload Profiling:
	ReloadAssembly (778ms)
		BeginReloadAssembly (97ms)
			ExecutionOrderSort (0ms)
			DisableScriptedObjects (4ms)
			BackupInstance (0ms)
			ReleaseScriptingObjects (0ms)
			CreateAndSetChildDomain (29ms)
		EndReloadAssembly (631ms)
			LoadAssemblies (73ms)
			RebuildTransferFunctionScriptingTraits (0ms)
			SetupTypeCache (208ms)
			ReleaseScriptCaches (1ms)
			RebuildScriptCaches (41ms)
			SetupLoadedEditorAssemblies (248ms)
				LogAssemblyErrors (0ms)
				InitializePlatformSupportModulesInManaged (4ms)
				SetLoadedEditorAssemblies (1ms)
				RefreshPlugins (1ms)
				BeforeProcessingInitializeOnLoad (78ms)
				ProcessInitializeOnLoadAttributes (154ms)
				ProcessInitializeOnLoadMethodAttributes (8ms)
				AfterProcessingInitializeOnLoad (3ms)
				EditorAssembliesLoaded (0ms)
			ExecutionOrderSort2 (0ms)
			AwakeInstancesAfterBackupRestoration (5ms)
Platform modules already initialized, skipping
Refreshing native plugins compatible for Editor in 0.30 ms, found 2 plugins.
Preloading 0 native plugins for Editor in 0.00 ms.
Unloading 1509 Unused Serialized files (Serialized files now loaded: 0)
System memory in use before: 75.9 MB.
System memory in use after: 76.1 MB.

Unloading 11 unused Assets to reduce memory usage. Loaded Objects now: 1970.
Total: 2.207600 ms (FindLiveObjects: 0.095900 ms CreateObjectMapping: 0.041100 ms MarkObjects: 2.051300 ms  DeleteObjects: 0.018200 ms)

AssetImportParameters requested are different than current active one (requested -> active):
  custom:framework-win-MediaFoundation: 216162199b28c13a410421893ffa2e32 -> 
  custom:video-decoder-ogg-theora: a1e56fd34408186e4bbccfd4996cb3dc -> 
  custom:container-muxer-webm: aa71ff27fc2769a1b78a27578f13a17b -> 
  custom:container-demuxer-webm: 4f35f7cbe854078d1ac9338744f61a02 -> 
  custom:container-demuxer-ogg: 62fdf1f143b41e24485cea50d1cbac27 -> 
  custom:video-encoder-webm-vp8: eb34c28f22e8b96e1ab97ce403110664 -> 
  custom:video-decoder-webm-vp8: 9c59270c3fd7afecdb556c50c9e8de78 -> 
  custom:audio-decoder-ogg-vorbis: bf7c407c2cedff20999df2af8eb42d56 -> 
  custom:audio-encoder-webm-vorbis: bf7c407c2cedff20999df2af8eb42d56 -> 
========================================================================
Received Prepare
Registering precompiled user dll's ...
Registered in 0.001816 seconds.
Begin MonoManager ReloadAssembly
Native extension for WindowsStandalone target not found
Refreshing native plugins compatible for Editor in 0.36 ms, found 2 plugins.
Preloading 0 native plugins for Editor in 0.00 ms.
Mono: successfully reloaded assembly
- Completed reload, in  1.079 seconds
Domain Reload Profiling:
	ReloadAssembly (1080ms)
		BeginReloadAssembly (102ms)
			ExecutionOrderSort (0ms)
			DisableScriptedObjects (7ms)
			BackupInstance (0ms)
			ReleaseScriptingObjects (0ms)
			CreateAndSetChildDomain (28ms)
		EndReloadAssembly (901ms)
			LoadAssemblies (95ms)
			RebuildTransferFunctionScriptingTraits (0ms)
			SetupTypeCache (313ms)
			ReleaseScriptCaches (1ms)
			RebuildScriptCaches (40ms)
			SetupLoadedEditorAssemblies (334ms)
				LogAssemblyErrors (0ms)
				InitializePlatformSupportModulesInManaged (6ms)
				SetLoadedEditorAssemblies (1ms)
				RefreshPlugins (0ms)
				BeforeProcessingInitializeOnLoad (86ms)
				ProcessInitializeOnLoadAttributes (228ms)
				ProcessInitializeOnLoadMethodAttributes (8ms)
				AfterProcessingInitializeOnLoad (3ms)
				EditorAssembliesLoaded (0ms)
			ExecutionOrderSort2 (0ms)
			AwakeInstancesAfterBackupRestoration (7ms)
Platform modules already initialized, skipping
Refreshing native plugins compatible for Editor in 0.43 ms, found 2 plugins.
Preloading 0 native plugins for Editor in 0.00 ms.
Unloading 1509 Unused Serialized files (Serialized files now loaded: 0)
System memory in use before: 76.0 MB.
System memory in use after: 76.1 MB.

Unloading 11 unused Assets to reduce memory usage. Loaded Objects now: 1973.
Total: 3.024900 ms (FindLiveObjects: 0.147200 ms CreateObjectMapping: 0.130600 ms MarkObjects: 2.724600 ms  DeleteObjects: 0.021600 ms)

AssetImportParameters requested are different than current active one (requested -> active):
  custom:framework-win-MediaFoundation: 216162199b28c13a410421893ffa2e32 -> 
  custom:video-decoder-ogg-theora: a1e56fd34408186e4bbccfd4996cb3dc -> 
  custom:container-muxer-webm: aa71ff27fc2769a1b78a27578f13a17b -> 
  custom:container-demuxer-webm: 4f35f7cbe854078d1ac9338744f61a02 -> 
  custom:container-demuxer-ogg: 62fdf1f143b41e24485cea50d1cbac27 -> 
  custom:video-encoder-webm-vp8: eb34c28f22e8b96e1ab97ce403110664 -> 
  custom:video-decoder-webm-vp8: 9c59270c3fd7afecdb556c50c9e8de78 -> 
  custom:audio-decoder-ogg-vorbis: bf7c407c2cedff20999df2af8eb42d56 -> 
  custom:audio-encoder-webm-vorbis: bf7c407c2cedff20999df2af8eb42d56 -> 
========================================================================
Received Import Request.
  Time since last request: 168.586794 seconds.
  path: Assets/Scripts/Utils/Util.cs
  artifactKey: Guid(d1ed8a1207a50444dbcd4da81be67275) Importer(815301076,1909f56bfc062723c751e8b465ee728b)
Start importing Assets/Scripts/Utils/Util.cs using Guid(d1ed8a1207a50444dbcd4da81be67275) Importer(815301076,1909f56bfc062723c751e8b465ee728b)  -> (artifact id: '39dc966dd69b828e1f88cdfd6f301e9a') in 0.004717 seconds 
========================================================================
Received Import Request.
  Time since last request: 50.823891 seconds.
  path: Assets/Scripts/Utils/Util.cs
  artifactKey: Guid(d1ed8a1207a50444dbcd4da81be67275) Importer(815301076,1909f56bfc062723c751e8b465ee728b)
Start importing Assets/Scripts/Utils/Util.cs using Guid(d1ed8a1207a50444dbcd4da81be67275) Importer(815301076,1909f56bfc062723c751e8b465ee728b)  -> (artifact id: 'b60cb2581ef5414cff269a8555fbc7c7') in 0.002067 seconds 
========================================================================
Received Prepare
Registering precompiled user dll's ...
Registered in 0.002144 seconds.
Begin MonoManager ReloadAssembly
Native extension for WindowsStandalone target not found
Refreshing native plugins compatible for Editor in 0.35 ms, found 2 plugins.
Preloading 0 native plugins for Editor in 0.00 ms.
Mono: successfully reloaded assembly
- Completed reload, in  0.776 seconds
Domain Reload Profiling:
	ReloadAssembly (777ms)
		BeginReloadAssembly (86ms)
			ExecutionOrderSort (0ms)
			DisableScriptedObjects (4ms)
			BackupInstance (0ms)
			ReleaseScriptingObjects (0ms)
			CreateAndSetChildDomain (27ms)
		EndReloadAssembly (646ms)
			LoadAssemblies (70ms)
			RebuildTransferFunctionScriptingTraits (0ms)
			SetupTypeCache (208ms)
			ReleaseScriptCaches (1ms)
			RebuildScriptCaches (40ms)
			SetupLoadedEditorAssemblies (247ms)
				LogAssemblyErrors (0ms)
				InitializePlatformSupportModulesInManaged (5ms)
				SetLoadedEditorAssemblies (0ms)
				RefreshPlugins (0ms)
				BeforeProcessingInitializeOnLoad (70ms)
				ProcessInitializeOnLoadAttributes (159ms)
				ProcessInitializeOnLoadMethodAttributes (8ms)
				AfterProcessingInitializeOnLoad (3ms)
				EditorAssembliesLoaded (0ms)
			ExecutionOrderSort2 (0ms)
			AwakeInstancesAfterBackupRestoration (5ms)
Platform modules already initialized, skipping
Refreshing native plugins compatible for Editor in 0.33 ms, found 2 plugins.
Preloading 0 native plugins for Editor in 0.00 ms.
Unloading 1509 Unused Serialized files (Serialized files now loaded: 0)
System memory in use before: 76.0 MB.
System memory in use after: 76.1 MB.

Unloading 11 unused Assets to reduce memory usage. Loaded Objects now: 1976.
Total: 2.194700 ms (FindLiveObjects: 0.092900 ms CreateObjectMapping: 0.035400 ms MarkObjects: 2.047700 ms  DeleteObjects: 0.017900 ms)

AssetImportParameters requested are different than current active one (requested -> active):
  custom:framework-win-MediaFoundation: 216162199b28c13a410421893ffa2e32 -> 
  custom:video-decoder-ogg-theora: a1e56fd34408186e4bbccfd4996cb3dc -> 
  custom:container-muxer-webm: aa71ff27fc2769a1b78a27578f13a17b -> 
  custom:container-demuxer-webm: 4f35f7cbe854078d1ac9338744f61a02 -> 
  custom:container-demuxer-ogg: 62fdf1f143b41e24485cea50d1cbac27 -> 
  custom:video-encoder-webm-vp8: eb34c28f22e8b96e1ab97ce403110664 -> 
  custom:video-decoder-webm-vp8: 9c59270c3fd7afecdb556c50c9e8de78 -> 
  custom:audio-decoder-ogg-vorbis: bf7c407c2cedff20999df2af8eb42d56 -> 
  custom:audio-encoder-webm-vorbis: bf7c407c2cedff20999df2af8eb42d56 -> 
========================================================================
Received Prepare
Registering precompiled user dll's ...
Registered in 0.001838 seconds.
Begin MonoManager ReloadAssembly
Native extension for WindowsStandalone target not found
Refreshing native plugins compatible for Editor in 0.32 ms, found 2 plugins.
Preloading 0 native plugins for Editor in 0.00 ms.
Mono: successfully reloaded assembly
- Completed reload, in  1.162 seconds
Domain Reload Profiling:
	ReloadAssembly (1163ms)
		BeginReloadAssembly (144ms)
			ExecutionOrderSort (0ms)
			DisableScriptedObjects (5ms)
			BackupInstance (0ms)
			ReleaseScriptingObjects (0ms)
			CreateAndSetChildDomain (37ms)
		EndReloadAssembly (955ms)
			LoadAssemblies (115ms)
			RebuildTransferFunctionScriptingTraits (0ms)
			SetupTypeCache (383ms)
			ReleaseScriptCaches (1ms)
			RebuildScriptCaches (45ms)
			SetupLoadedEditorAssemblies (336ms)
				LogAssemblyErrors (0ms)
				InitializePlatformSupportModulesInManaged (6ms)
				SetLoadedEditorAssemblies (0ms)
				RefreshPlugins (0ms)
				BeforeProcessingInitializeOnLoad (71ms)
				ProcessInitializeOnLoadAttributes (236ms)
				ProcessInitializeOnLoadMethodAttributes (16ms)
				AfterProcessingInitializeOnLoad (6ms)
				EditorAssembliesLoaded (1ms)
			ExecutionOrderSort2 (0ms)
			AwakeInstancesAfterBackupRestoration (12ms)
Platform modules already initialized, skipping
Refreshing native plugins compatible for Editor in 0.37 ms, found 2 plugins.
Preloading 0 native plugins for Editor in 0.00 ms.
Unloading 1509 Unused Serialized files (Serialized files now loaded: 0)
System memory in use before: 76.0 MB.
System memory in use after: 76.1 MB.

Unloading 11 unused Assets to reduce memory usage. Loaded Objects now: 1979.
Total: 3.226100 ms (FindLiveObjects: 0.093400 ms CreateObjectMapping: 0.032200 ms MarkObjects: 3.079800 ms  DeleteObjects: 0.019700 ms)

AssetImportParameters requested are different than current active one (requested -> active):
  custom:framework-win-MediaFoundation: 216162199b28c13a410421893ffa2e32 -> 
  custom:video-decoder-ogg-theora: a1e56fd34408186e4bbccfd4996cb3dc -> 
  custom:container-muxer-webm: aa71ff27fc2769a1b78a27578f13a17b -> 
  custom:container-demuxer-webm: 4f35f7cbe854078d1ac9338744f61a02 -> 
  custom:container-demuxer-ogg: 62fdf1f143b41e24485cea50d1cbac27 -> 
  custom:video-encoder-webm-vp8: eb34c28f22e8b96e1ab97ce403110664 -> 
  custom:video-decoder-webm-vp8: 9c59270c3fd7afecdb556c50c9e8de78 -> 
  custom:audio-decoder-ogg-vorbis: bf7c407c2cedff20999df2af8eb42d56 -> 
  custom:audio-encoder-webm-vorbis: bf7c407c2cedff20999df2af8eb42d56 -> 
========================================================================
Received Prepare
Registering precompiled user dll's ...
Registered in 0.001987 seconds.
Begin MonoManager ReloadAssembly
Native extension for WindowsStandalone target not found
Refreshing native plugins compatible for Editor in 0.46 ms, found 2 plugins.
Preloading 0 native plugins for Editor in 0.00 ms.
Mono: successfully reloaded assembly
- Completed reload, in  0.988 seconds
Domain Reload Profiling:
	ReloadAssembly (988ms)
		BeginReloadAssembly (130ms)
			ExecutionOrderSort (0ms)
			DisableScriptedObjects (5ms)
			BackupInstance (0ms)
			ReleaseScriptingObjects (0ms)
			CreateAndSetChildDomain (40ms)
		EndReloadAssembly (797ms)
			LoadAssemblies (103ms)
			RebuildTransferFunctionScriptingTraits (0ms)
			SetupTypeCache (312ms)
			ReleaseScriptCaches (1ms)
			RebuildScriptCaches (43ms)
			SetupLoadedEditorAssemblies (276ms)
				LogAssemblyErrors (0ms)
				InitializePlatformSupportModulesInManaged (5ms)
				SetLoadedEditorAssemblies (0ms)
				RefreshPlugins (1ms)
				BeforeProcessingInitializeOnLoad (84ms)
				ProcessInitializeOnLoadAttributes (175ms)
				ProcessInitializeOnLoadMethodAttributes (8ms)
				AfterProcessingInitializeOnLoad (3ms)
				EditorAssembliesLoaded (0ms)
			ExecutionOrderSort2 (0ms)
			AwakeInstancesAfterBackupRestoration (7ms)
Platform modules already initialized, skipping
Refreshing native plugins compatible for Editor in 0.35 ms, found 2 plugins.
Preloading 0 native plugins for Editor in 0.00 ms.
Unloading 1509 Unused Serialized files (Serialized files now loaded: 0)
System memory in use before: 76.0 MB.
System memory in use after: 76.1 MB.

Unloading 11 unused Assets to reduce memory usage. Loaded Objects now: 1982.
Total: 2.472500 ms (FindLiveObjects: 0.285900 ms CreateObjectMapping: 0.046500 ms MarkObjects: 2.119600 ms  DeleteObjects: 0.019000 ms)

AssetImportParameters requested are different than current active one (requested -> active):
  custom:framework-win-MediaFoundation: 216162199b28c13a410421893ffa2e32 -> 
  custom:video-decoder-ogg-theora: a1e56fd34408186e4bbccfd4996cb3dc -> 
  custom:container-muxer-webm: aa71ff27fc2769a1b78a27578f13a17b -> 
  custom:container-demuxer-webm: 4f35f7cbe854078d1ac9338744f61a02 -> 
  custom:container-demuxer-ogg: 62fdf1f143b41e24485cea50d1cbac27 -> 
  custom:video-encoder-webm-vp8: eb34c28f22e8b96e1ab97ce403110664 -> 
  custom:video-decoder-webm-vp8: 9c59270c3fd7afecdb556c50c9e8de78 -> 
  custom:audio-decoder-ogg-vorbis: bf7c407c2cedff20999df2af8eb42d56 -> 
  custom:audio-encoder-webm-vorbis: bf7c407c2cedff20999df2af8eb42d56 -> 
========================================================================
Received Prepare
Registering precompiled user dll's ...
Registered in 0.001923 seconds.
Begin MonoManager ReloadAssembly
Native extension for WindowsStandalone target not found
Refreshing native plugins compatible for Editor in 0.33 ms, found 2 plugins.
Preloading 0 native plugins for Editor in 0.00 ms.
Mono: successfully reloaded assembly
- Completed reload, in  1.024 seconds
Domain Reload Profiling:
	ReloadAssembly (1024ms)
		BeginReloadAssembly (94ms)
			ExecutionOrderSort (0ms)
			DisableScriptedObjects (4ms)
			BackupInstance (0ms)
			ReleaseScriptingObjects (0ms)
			CreateAndSetChildDomain (29ms)
		EndReloadAssembly (874ms)
			LoadAssemblies (77ms)
			RebuildTransferFunctionScriptingTraits (0ms)
			SetupTypeCache (252ms)
			ReleaseScriptCaches (1ms)
			RebuildScriptCaches (44ms)
			SetupLoadedEditorAssemblies (353ms)
				LogAssemblyErrors (0ms)
				InitializePlatformSupportModulesInManaged (4ms)
				SetLoadedEditorAssemblies (0ms)
				RefreshPlugins (0ms)
				BeforeProcessingInitializeOnLoad (104ms)
				ProcessInitializeOnLoadAttributes (223ms)
				ProcessInitializeOnLoadMethodAttributes (14ms)
				AfterProcessingInitializeOnLoad (7ms)
				EditorAssembliesLoaded (0ms)
			ExecutionOrderSort2 (0ms)
			AwakeInstancesAfterBackupRestoration (9ms)
Platform modules already initialized, skipping
Refreshing native plugins compatible for Editor in 0.41 ms, found 2 plugins.
Preloading 0 native plugins for Editor in 0.00 ms.
Unloading 1509 Unused Serialized files (Serialized files now loaded: 0)
System memory in use before: 76.0 MB.
System memory in use after: 76.1 MB.

Unloading 11 unused Assets to reduce memory usage. Loaded Objects now: 1985.
Total: 3.337700 ms (FindLiveObjects: 0.213300 ms CreateObjectMapping: 0.087200 ms MarkObjects: 2.999400 ms  DeleteObjects: 0.036000 ms)

AssetImportParameters requested are different than current active one (requested -> active):
  custom:framework-win-MediaFoundation: 216162199b28c13a410421893ffa2e32 -> 
  custom:video-decoder-ogg-theora: a1e56fd34408186e4bbccfd4996cb3dc -> 
  custom:container-muxer-webm: aa71ff27fc2769a1b78a27578f13a17b -> 
  custom:container-demuxer-webm: 4f35f7cbe854078d1ac9338744f61a02 -> 
  custom:container-demuxer-ogg: 62fdf1f143b41e24485cea50d1cbac27 -> 
  custom:video-encoder-webm-vp8: eb34c28f22e8b96e1ab97ce403110664 -> 
  custom:video-decoder-webm-vp8: 9c59270c3fd7afecdb556c50c9e8de78 -> 
  custom:audio-decoder-ogg-vorbis: bf7c407c2cedff20999df2af8eb42d56 -> 
  custom:audio-encoder-webm-vorbis: bf7c407c2cedff20999df2af8eb42d56 -> 
========================================================================
Received Prepare
Registering precompiled user dll's ...
Registered in 0.001975 seconds.
Begin MonoManager ReloadAssembly
Native extension for WindowsStandalone target not found
Refreshing native plugins compatible for Editor in 0.52 ms, found 2 plugins.
Preloading 0 native plugins for Editor in 0.00 ms.
Mono: successfully reloaded assembly
- Completed reload, in  1.292 seconds
Domain Reload Profiling:
	ReloadAssembly (1292ms)
		BeginReloadAssembly (146ms)
			ExecutionOrderSort (0ms)
			DisableScriptedObjects (8ms)
			BackupInstance (0ms)
			ReleaseScriptingObjects (0ms)
			CreateAndSetChildDomain (40ms)
		EndReloadAssembly (1068ms)
			LoadAssemblies (106ms)
			RebuildTransferFunctionScriptingTraits (0ms)
			SetupTypeCache (381ms)
			ReleaseScriptCaches (1ms)
			RebuildScriptCaches (64ms)
			SetupLoadedEditorAssemblies (408ms)
				LogAssemblyErrors (0ms)
				InitializePlatformSupportModulesInManaged (5ms)
				SetLoadedEditorAssemblies (1ms)
				RefreshPlugins (1ms)
				BeforeProcessingInitializeOnLoad (92ms)
				ProcessInitializeOnLoadAttributes (289ms)
				ProcessInitializeOnLoadMethodAttributes (15ms)
				AfterProcessingInitializeOnLoad (6ms)
				EditorAssembliesLoaded (1ms)
			ExecutionOrderSort2 (0ms)
			AwakeInstancesAfterBackupRestoration (9ms)
Platform modules already initialized, skipping
Refreshing native plugins compatible for Editor in 0.35 ms, found 2 plugins.
Preloading 0 native plugins for Editor in 0.00 ms.
Unloading 1509 Unused Serialized files (Serialized files now loaded: 0)
System memory in use before: 76.0 MB.
System memory in use after: 76.1 MB.

Unloading 11 unused Assets to reduce memory usage. Loaded Objects now: 1988.
Total: 2.918200 ms (FindLiveObjects: 0.102600 ms CreateObjectMapping: 0.034100 ms MarkObjects: 2.733300 ms  DeleteObjects: 0.047000 ms)

AssetImportParameters requested are different than current active one (requested -> active):
  custom:framework-win-MediaFoundation: 216162199b28c13a410421893ffa2e32 -> 
  custom:video-decoder-ogg-theora: a1e56fd34408186e4bbccfd4996cb3dc -> 
  custom:container-muxer-webm: aa71ff27fc2769a1b78a27578f13a17b -> 
  custom:container-demuxer-webm: 4f35f7cbe854078d1ac9338744f61a02 -> 
  custom:container-demuxer-ogg: 62fdf1f143b41e24485cea50d1cbac27 -> 
  custom:video-encoder-webm-vp8: eb34c28f22e8b96e1ab97ce403110664 -> 
  custom:video-decoder-webm-vp8: 9c59270c3fd7afecdb556c50c9e8de78 -> 
  custom:audio-decoder-ogg-vorbis: bf7c407c2cedff20999df2af8eb42d56 -> 
  custom:audio-encoder-webm-vorbis: bf7c407c2cedff20999df2af8eb42d56 -> 
========================================================================
Received Prepare
Registering precompiled user dll's ...
Registered in 0.002964 seconds.
Begin MonoManager ReloadAssembly
Native extension for WindowsStandalone target not found
Refreshing native plugins compatible for Editor in 0.38 ms, found 2 plugins.
Preloading 0 native plugins for Editor in 0.00 ms.
Mono: successfully reloaded assembly
- Completed reload, in  1.067 seconds
Domain Reload Profiling:
	ReloadAssembly (1067ms)
		BeginReloadAssembly (120ms)
			ExecutionOrderSort (0ms)
			DisableScriptedObjects (7ms)
			BackupInstance (0ms)
			ReleaseScriptingObjects (0ms)
			CreateAndSetChildDomain (34ms)
		EndReloadAssembly (883ms)
			LoadAssemblies (114ms)
			RebuildTransferFunctionScriptingTraits (0ms)
			SetupTypeCache (258ms)
			ReleaseScriptCaches (1ms)
			RebuildScriptCaches (49ms)
			SetupLoadedEditorAssemblies (333ms)
				LogAssemblyErrors (0ms)
				InitializePlatformSupportModulesInManaged (5ms)
				SetLoadedEditorAssemblies (0ms)
				RefreshPlugins (0ms)
				BeforeProcessingInitializeOnLoad (80ms)
				ProcessInitializeOnLoadAttributes (234ms)
				ProcessInitializeOnLoadMethodAttributes (9ms)
				AfterProcessingInitializeOnLoad (3ms)
				EditorAssembliesLoaded (0ms)
			ExecutionOrderSort2 (0ms)
			AwakeInstancesAfterBackupRestoration (7ms)
Platform modules already initialized, skipping
Refreshing native plugins compatible for Editor in 0.35 ms, found 2 plugins.
Preloading 0 native plugins for Editor in 0.00 ms.
Unloading 1509 Unused Serialized files (Serialized files now loaded: 0)
System memory in use before: 76.0 MB.
System memory in use after: 76.1 MB.

Unloading 11 unused Assets to reduce memory usage. Loaded Objects now: 1991.
Total: 2.198300 ms (FindLiveObjects: 0.096600 ms CreateObjectMapping: 0.029200 ms MarkObjects: 2.053000 ms  DeleteObjects: 0.018600 ms)

AssetImportParameters requested are different than current active one (requested -> active):
  custom:framework-win-MediaFoundation: 216162199b28c13a410421893ffa2e32 -> 
  custom:video-decoder-ogg-theora: a1e56fd34408186e4bbccfd4996cb3dc -> 
  custom:container-muxer-webm: aa71ff27fc2769a1b78a27578f13a17b -> 
  custom:container-demuxer-webm: 4f35f7cbe854078d1ac9338744f61a02 -> 
  custom:container-demuxer-ogg: 62fdf1f143b41e24485cea50d1cbac27 -> 
  custom:video-encoder-webm-vp8: eb34c28f22e8b96e1ab97ce403110664 -> 
  custom:video-decoder-webm-vp8: 9c59270c3fd7afecdb556c50c9e8de78 -> 
  custom:audio-decoder-ogg-vorbis: bf7c407c2cedff20999df2af8eb42d56 -> 
  custom:audio-encoder-webm-vorbis: bf7c407c2cedff20999df2af8eb42d56 -> 
========================================================================
Received Prepare
Registering precompiled user dll's ...
Registered in 0.002688 seconds.
Begin MonoManager ReloadAssembly
Native extension for WindowsStandalone target not found
Refreshing native plugins compatible for Editor in 0.53 ms, found 2 plugins.
Preloading 0 native plugins for Editor in 0.00 ms.
Mono: successfully reloaded assembly
- Completed reload, in  1.301 seconds
Domain Reload Profiling:
	ReloadAssembly (1302ms)
		BeginReloadAssembly (147ms)
			ExecutionOrderSort (0ms)
			DisableScriptedObjects (8ms)
			BackupInstance (0ms)
			ReleaseScriptingObjects (0ms)
			CreateAndSetChildDomain (42ms)
		EndReloadAssembly (1064ms)
			LoadAssemblies (120ms)
			RebuildTransferFunctionScriptingTraits (0ms)
			SetupTypeCache (379ms)
			ReleaseScriptCaches (1ms)
			RebuildScriptCaches (43ms)
			SetupLoadedEditorAssemblies (417ms)
				LogAssemblyErrors (0ms)
				InitializePlatformSupportModulesInManaged (5ms)
				SetLoadedEditorAssemblies (1ms)
				RefreshPlugins (1ms)
				BeforeProcessingInitializeOnLoad (102ms)
				ProcessInitializeOnLoadAttributes (286ms)
				ProcessInitializeOnLoadMethodAttributes (18ms)
				AfterProcessingInitializeOnLoad (4ms)
				EditorAssembliesLoaded (1ms)
			ExecutionOrderSort2 (0ms)
			AwakeInstancesAfterBackupRestoration (8ms)
Platform modules already initialized, skipping
Refreshing native plugins compatible for Editor in 0.36 ms, found 2 plugins.
Preloading 0 native plugins for Editor in 0.00 ms.
Unloading 1509 Unused Serialized files (Serialized files now loaded: 0)
System memory in use before: 76.0 MB.
System memory in use after: 76.1 MB.

Unloading 11 unused Assets to reduce memory usage. Loaded Objects now: 1994.
Total: 2.408400 ms (FindLiveObjects: 0.105800 ms CreateObjectMapping: 0.026800 ms MarkObjects: 2.233300 ms  DeleteObjects: 0.041100 ms)

AssetImportParameters requested are different than current active one (requested -> active):
  custom:framework-win-MediaFoundation: 216162199b28c13a410421893ffa2e32 -> 
  custom:video-decoder-ogg-theora: a1e56fd34408186e4bbccfd4996cb3dc -> 
  custom:container-muxer-webm: aa71ff27fc2769a1b78a27578f13a17b -> 
  custom:container-demuxer-webm: 4f35f7cbe854078d1ac9338744f61a02 -> 
  custom:container-demuxer-ogg: 62fdf1f143b41e24485cea50d1cbac27 -> 
  custom:video-encoder-webm-vp8: eb34c28f22e8b96e1ab97ce403110664 -> 
  custom:video-decoder-webm-vp8: 9c59270c3fd7afecdb556c50c9e8de78 -> 
  custom:audio-decoder-ogg-vorbis: bf7c407c2cedff20999df2af8eb42d56 -> 
  custom:audio-encoder-webm-vorbis: bf7c407c2cedff20999df2af8eb42d56 -> 
========================================================================
Received Prepare
Registering precompiled user dll's ...
Registered in 0.001835 seconds.
Begin MonoManager ReloadAssembly
Native extension for WindowsStandalone target not found
Refreshing native plugins compatible for Editor in 0.40 ms, found 2 plugins.
Preloading 0 native plugins for Editor in 0.00 ms.
Mono: successfully reloaded assembly
- Completed reload, in  1.111 seconds
Domain Reload Profiling:
	ReloadAssembly (1111ms)
		BeginReloadAssembly (116ms)
			ExecutionOrderSort (0ms)
			DisableScriptedObjects (4ms)
			BackupInstance (0ms)
			ReleaseScriptingObjects (0ms)
			CreateAndSetChildDomain (42ms)
		EndReloadAssembly (940ms)
			LoadAssemblies (79ms)
			RebuildTransferFunctionScriptingTraits (0ms)
			SetupTypeCache (277ms)
			ReleaseScriptCaches (1ms)
			RebuildScriptCaches (54ms)
			SetupLoadedEditorAssemblies (438ms)
				LogAssemblyErrors (0ms)
				InitializePlatformSupportModulesInManaged (6ms)
				SetLoadedEditorAssemblies (1ms)
				RefreshPlugins (0ms)
				BeforeProcessingInitializeOnLoad (91ms)
				ProcessInitializeOnLoadAttributes (312ms)
				ProcessInitializeOnLoadMethodAttributes (23ms)
				AfterProcessingInitializeOnLoad (5ms)
				EditorAssembliesLoaded (0ms)
			ExecutionOrderSort2 (0ms)
			AwakeInstancesAfterBackupRestoration (6ms)
Platform modules already initialized, skipping
Refreshing native plugins compatible for Editor in 0.50 ms, found 2 plugins.
Preloading 0 native plugins for Editor in 0.00 ms.
Unloading 1509 Unused Serialized files (Serialized files now loaded: 0)
System memory in use before: 76.0 MB.
System memory in use after: 76.1 MB.

Unloading 11 unused Assets to reduce memory usage. Loaded Objects now: 1997.
Total: 3.615800 ms (FindLiveObjects: 0.194500 ms CreateObjectMapping: 0.091700 ms MarkObjects: 3.300900 ms  DeleteObjects: 0.027100 ms)

AssetImportParameters requested are different than current active one (requested -> active):
  custom:framework-win-MediaFoundation: 216162199b28c13a410421893ffa2e32 -> 
  custom:video-decoder-ogg-theora: a1e56fd34408186e4bbccfd4996cb3dc -> 
  custom:container-muxer-webm: aa71ff27fc2769a1b78a27578f13a17b -> 
  custom:container-demuxer-webm: 4f35f7cbe854078d1ac9338744f61a02 -> 
  custom:container-demuxer-ogg: 62fdf1f143b41e24485cea50d1cbac27 -> 
  custom:video-encoder-webm-vp8: eb34c28f22e8b96e1ab97ce403110664 -> 
  custom:video-decoder-webm-vp8: 9c59270c3fd7afecdb556c50c9e8de78 -> 
  custom:audio-decoder-ogg-vorbis: bf7c407c2cedff20999df2af8eb42d56 -> 
  custom:audio-encoder-webm-vorbis: bf7c407c2cedff20999df2af8eb42d56 -> 
========================================================================
Received Prepare
Registering precompiled user dll's ...
Registered in 0.002071 seconds.
Begin MonoManager ReloadAssembly
Native extension for WindowsStandalone target not found
Refreshing native plugins compatible for Editor in 0.36 ms, found 2 plugins.
Preloading 0 native plugins for Editor in 0.00 ms.
Mono: successfully reloaded assembly
- Completed reload, in  1.072 seconds
Domain Reload Profiling:
	ReloadAssembly (1073ms)
		BeginReloadAssembly (137ms)
			ExecutionOrderSort (0ms)
			DisableScriptedObjects (10ms)
			BackupInstance (0ms)
			ReleaseScriptingObjects (0ms)
			CreateAndSetChildDomain (41ms)
		EndReloadAssembly (868ms)
			LoadAssemblies (96ms)
			RebuildTransferFunctionScriptingTraits (0ms)
			SetupTypeCache (293ms)
			ReleaseScriptCaches (1ms)
			RebuildScriptCaches (50ms)
			SetupLoadedEditorAssemblies (336ms)
				LogAssemblyErrors (0ms)
				InitializePlatformSupportModulesInManaged (5ms)
				SetLoadedEditorAssemblies (1ms)
				RefreshPlugins (0ms)
				BeforeProcessingInitializeOnLoad (83ms)
				ProcessInitializeOnLoadAttributes (231ms)
				ProcessInitializeOnLoadMethodAttributes (11ms)
				AfterProcessingInitializeOnLoad (3ms)
				EditorAssembliesLoaded (0ms)
			ExecutionOrderSort2 (0ms)
			AwakeInstancesAfterBackupRestoration (8ms)
Platform modules already initialized, skipping
Refreshing native plugins compatible for Editor in 0.42 ms, found 2 plugins.
Preloading 0 native plugins for Editor in 0.00 ms.
Unloading 1509 Unused Serialized files (Serialized files now loaded: 0)
System memory in use before: 76.0 MB.
System memory in use after: 76.1 MB.

Unloading 11 unused Assets to reduce memory usage. Loaded Objects now: 2000.
Total: 2.525000 ms (FindLiveObjects: 0.109600 ms CreateObjectMapping: 0.031800 ms MarkObjects: 2.355100 ms  DeleteObjects: 0.027100 ms)

AssetImportParameters requested are different than current active one (requested -> active):
  custom:framework-win-MediaFoundation: 216162199b28c13a410421893ffa2e32 -> 
  custom:video-decoder-ogg-theora: a1e56fd34408186e4bbccfd4996cb3dc -> 
  custom:container-muxer-webm: aa71ff27fc2769a1b78a27578f13a17b -> 
  custom:container-demuxer-webm: 4f35f7cbe854078d1ac9338744f61a02 -> 
  custom:container-demuxer-ogg: 62fdf1f143b41e24485cea50d1cbac27 -> 
  custom:video-encoder-webm-vp8: eb34c28f22e8b96e1ab97ce403110664 -> 
  custom:video-decoder-webm-vp8: 9c59270c3fd7afecdb556c50c9e8de78 -> 
  custom:audio-decoder-ogg-vorbis: bf7c407c2cedff20999df2af8eb42d56 -> 
  custom:audio-encoder-webm-vorbis: bf7c407c2cedff20999df2af8eb42d56 -> 
AssetImportWorkerClient::OnTransportError - code=2 error=End of file
